# JRE version: Java(TM) SE Runtime Environment (8.0_202-b08) (build 1.8.0_202-b08)
# Java VM: Java HotSpot(TM) 64-Bit Server VM (25.202-b08 mixed mode windows-amd64 compressed oops)
Heap:
 PSYoungGen      total 390144K, used 46325K [0x00000000d5f00000, 0x00000000efb80000, 0x0000000100000000)
  eden space 370176K, 12% used [0x00000000d5f00000,0x00000000d8c3d7c0,0x00000000ec880000)
  from space 19968K, 0% used [0x00000000ed480000,0x00000000ed480000,0x00000000ee800000)
  to   space 16384K, 0% used [0x00000000eeb80000,0x00000000eeb80000,0x00000000efb80000)
 ParOldGen       total 92672K, used 34890K [0x0000000081c00000, 0x0000000087680000, 0x00000000d5f00000)
  object space 92672K, 37% used [0x0000000081c00000,0x0000000083e12888,0x0000000087680000)
 Metaspace       used 55387K, capacity 59517K, committed 59736K, reserved 1101824K
  class space    used 7883K, capacity 8626K, committed 8704K, reserved 1048576K
GC Heap History (10 events):
Event: 8.481 GC heap before
{Heap before GC invocations=10 (full 1):
 PSYoungGen      total 266240K, used 73810K [0x00000000d5f00000, 0x00000000e7400000, 0x0000000100000000)
  eden space 253952K, 24% used [0x00000000d5f00000,0x00000000d9b1a408,0x00000000e5700000)
  from space 12288K, 99% used [0x00000000e6580000,0x00000000e717a418,0x00000000e7180000)
  to   space 14848K, 0% used [0x00000000e5700000,0x00000000e5700000,0x00000000e6580000)
 ParOldGen       total 45568K, used 11645K [0x0000000081c00000, 0x0000000084880000, 0x00000000d5f00000)
  object space 45568K, 25% used [0x0000000081c00000,0x000000008275f440,0x0000000084880000)
 Metaspace       used 33234K, capacity 35402K, committed 35456K, reserved 1079296K
  class space    used 4491K, capacity 4953K, committed 4992K, reserved 1048576K
Event: 8.496 GC heap after
Heap after GC invocations=10 (full 1):
 PSYoungGen      total 268800K, used 14086K [0x00000000d5f00000, 0x00000000efb80000, 0x0000000100000000)
  eden space 253952K, 0% used [0x00000000d5f00000,0x00000000d5f00000,0x00000000e5700000)
  from space 14848K, 94% used [0x00000000e5700000,0x00000000e64c1ab8,0x00000000e6580000)
  to   space 16384K, 0% used [0x00000000eeb80000,0x00000000eeb80000,0x00000000efb80000)
 ParOldGen       total 45568K, used 11653K [0x0000000081c00000, 0x0000000084880000, 0x00000000d5f00000)
  object space 45568K, 25% used [0x0000000081c00000,0x0000000082761440,0x0000000084880000)
 Metaspace       used 33234K, capacity 35402K, committed 35456K, reserved 1079296K
  class space    used 4491K, capacity 4953K, committed 4992K, reserved 1048576K
}
Event: 8.496 GC heap before
{Heap before GC invocations=11 (full 2):
 PSYoungGen      total 268800K, used 14086K [0x00000000d5f00000, 0x00000000efb80000, 0x0000000100000000)
  eden space 253952K, 0% used [0x00000000d5f00000,0x00000000d5f00000,0x00000000e5700000)
  from space 14848K, 94% used [0x00000000e5700000,0x00000000e64c1ab8,0x00000000e6580000)
  to   space 16384K, 0% used [0x00000000eeb80000,0x00000000eeb80000,0x00000000efb80000)
 ParOldGen       total 45568K, used 11653K [0x0000000081c00000, 0x0000000084880000, 0x00000000d5f00000)
  object space 45568K, 25% used [0x0000000081c00000,0x0000000082761440,0x0000000084880000)
 Metaspace       used 33234K, capacity 35402K, committed 35456K, reserved 1079296K
  class space    used 4491K, capacity 4953K, committed 4992K, reserved 1048576K
Event: 8.568 GC heap after
Heap after GC invocations=11 (full 2):
 PSYoungGen      total 268800K, used 0K [0x00000000d5f00000, 0x00000000efb80000, 0x0000000100000000)
  eden space 253952K, 0% used [0x00000000d5f00000,0x00000000d5f00000,0x00000000e5700000)
  from space 14848K, 0% used [0x00000000e5700000,0x00000000e5700000,0x00000000e6580000)
  to   space 16384K, 0% used [0x00000000eeb80000,0x00000000eeb80000,0x00000000efb80000)
 ParOldGen       total 66048K, used 19182K [0x0000000081c00000, 0x0000000085c80000, 0x00000000d5f00000)
  object space 66048K, 29% used [0x0000000081c00000,0x0000000082ebba20,0x0000000085c80000)
 Metaspace       used 33234K, capacity 35402K, committed 35456K, reserved 1079296K
  class space    used 4491K, capacity 4953K, committed 4992K, reserved 1048576K
}
Event: 11.524 GC heap before
{Heap before GC invocations=12 (full 2):
 PSYoungGen      total 268800K, used 253952K [0x00000000d5f00000, 0x00000000efb80000, 0x0000000100000000)
  eden space 253952K, 100% used [0x00000000d5f00000,0x00000000e5700000,0x00000000e5700000)
  from space 14848K, 0% used [0x00000000e5700000,0x00000000e5700000,0x00000000e6580000)
  to   space 16384K, 0% used [0x00000000eeb80000,0x00000000eeb80000,0x00000000efb80000)
 ParOldGen       total 66048K, used 19182K [0x0000000081c00000, 0x0000000085c80000, 0x00000000d5f00000)
  object space 66048K, 29% used [0x0000000081c00000,0x0000000082ebba20,0x0000000085c80000)
 Metaspace       used 50599K, capacity 53814K, committed 54144K, reserved 1095680K
  class space    used 7084K, capacity 7690K, committed 7808K, reserved 1048576K
Event: 11.558 GC heap after
Heap after GC invocations=12 (full 2):
 PSYoungGen      total 386560K, used 16363K [0x00000000d5f00000, 0x00000000efb80000, 0x0000000100000000)
  eden space 370176K, 0% used [0x00000000d5f00000,0x00000000d5f00000,0x00000000ec880000)
  from space 16384K, 99% used [0x00000000eeb80000,0x00000000efb7ae68,0x00000000efb80000)
  to   space 19968K, 0% used [0x00000000ed480000,0x00000000ed480000,0x00000000ee800000)
 ParOldGen       total 66048K, used 23032K [0x0000000081c00000, 0x0000000085c80000, 0x00000000d5f00000)
  object space 66048K, 34% used [0x0000000081c00000,0x000000008327e140,0x0000000085c80000)
 Metaspace       used 50599K, capacity 53814K, committed 54144K, reserved 1095680K
  class space    used 7084K, capacity 7690K, committed 7808K, reserved 1048576K
}
Event: 15.015 GC heap before
{Heap before GC invocations=13 (full 2):
 PSYoungGen      total 386560K, used 261017K [0x00000000d5f00000, 0x00000000efb80000, 0x0000000100000000)
  eden space 370176K, 66% used [0x00000000d5f00000,0x00000000e4deb798,0x00000000ec880000)
  from space 16384K, 99% used [0x00000000eeb80000,0x00000000efb7ae68,0x00000000efb80000)
  to   space 19968K, 0% used [0x00000000ed480000,0x00000000ed480000,0x00000000ee800000)
 ParOldGen       total 66048K, used 23032K [0x0000000081c00000, 0x0000000085c80000, 0x00000000d5f00000)
  object space 66048K, 34% used [0x0000000081c00000,0x000000008327e140,0x0000000085c80000)
 Metaspace       used 54975K, capacity 59027K, committed 59096K, reserved 1099776K
  class space    used 7785K, capacity 8507K, committed 8576K, reserved 1048576K
Event: 15.046 GC heap after
Heap after GC invocations=13 (full 2):
 PSYoungGen      total 390144K, used 12927K [0x00000000d5f00000, 0x00000000efb80000, 0x0000000100000000)
  eden space 370176K, 0% used [0x00000000d5f00000,0x00000000d5f00000,0x00000000ec880000)
  from space 19968K, 64% used [0x00000000ed480000,0x00000000ee11fd10,0x00000000ee800000)
  to   space 16384K, 0% used [0x00000000eeb80000,0x00000000eeb80000,0x00000000efb80000)
 ParOldGen       total 66048K, used 29544K [0x0000000081c00000, 0x0000000085c80000, 0x00000000d5f00000)
  object space 66048K, 44% used [0x0000000081c00000,0x00000000838da2b0,0x0000000085c80000)
 Metaspace       used 54975K, capacity 59027K, committed 59096K, reserved 1099776K
  class space    used 7785K, capacity 8507K, committed 8576K, reserved 1048576K
}
Event: 15.046 GC heap before
{Heap before GC invocations=14 (full 3):
 PSYoungGen      total 390144K, used 12927K [0x00000000d5f00000, 0x00000000efb80000, 0x0000000100000000)
  eden space 370176K, 0% used [0x00000000d5f00000,0x00000000d5f00000,0x00000000ec880000)
  from space 19968K, 64% used [0x00000000ed480000,0x00000000ee11fd10,0x00000000ee800000)
  to   space 16384K, 0% used [0x00000000eeb80000,0x00000000eeb80000,0x00000000efb80000)
 ParOldGen       total 66048K, used 29544K [0x0000000081c00000, 0x0000000085c80000, 0x00000000d5f00000)
  object space 66048K, 44% used [0x0000000081c00000,0x00000000838da2b0,0x0000000085c80000)
 Metaspace       used 54975K, capacity 59027K, committed 59096K, reserved 1099776K
  class space    used 7785K, capacity 8507K, committed 8576K, reserved 1048576K
Event: 15.247 GC heap after
Heap after GC invocations=14 (full 3):
 PSYoungGen      total 390144K, used 0K [0x00000000d5f00000, 0x00000000efb80000, 0x0000000100000000)
  eden space 370176K, 0% used [0x00000000d5f00000,0x00000000d5f00000,0x00000000ec880000)
  from space 19968K, 0% used [0x00000000ed480000,0x00000000ed480000,0x00000000ee800000)
  to   space 16384K, 0% used [0x00000000eeb80000,0x00000000eeb80000,0x00000000efb80000)
 ParOldGen       total 92672K, used 34890K [0x0000000081c00000, 0x0000000087680000, 0x00000000d5f00000)
  object space 92672K, 37% used [0x0000000081c00000,0x0000000083e12888,0x0000000087680000)
 Metaspace       used 54975K, capacity 59027K, committed 59096K, reserved 1099776K
  class space    used 7785K, capacity 8507K, committed 8576K, reserved 1048576K
}

